生成启动时间为 12/3/2020 10:05:50 AM。
     1>项目“C:\Users\adm\documents\visual studio 2010\Projects\ICMemeryPool\ICMemeryPool\ICMemeryPool.vcxproj”在节点 2 上(build 个目标)。
     1>InitializeBuildStatus:
         正在创建“Debug\ICMemeryPool.unsuccessfulbuild”，因为已指定“AlwaysCreate”。
       ClCompile:
         所有输出均为最新。
         C:\Program Files (x86)\Microsoft Visual Studio 10.0\VC\bin\CL.exe /c /ZI /nologo /W3 /WX- /Od /Oy- /D WIN32 /D _DEBUG /D _CONSOLE /D _UNICODE /D UNICODE /D _ATL_STATIC_REGISTRY /Gm /EHsc /RTC1 /MTd /GS /fp:precise /Zc:wchar_t /Zc:forScope /Yu"StdAfx.h" /Fp"Debug\ICMemeryPool.pch" /Fo"Debug\\" /Fd"Debug\vc100.pdb" /Gd /TP /analyze- /errorReport:prompt ICMemeryPool.cpp
         ICMemeryPool.cpp
     1>c:\users\adm\documents\visual studio 2010\projects\icmemerypool\icmemerypool\icmemerypool.cpp(17): warning C4996: 'wcscat': This function or variable may be unsafe. Consider using wcscat_s instead. To disable deprecation, use _CRT_SECURE_NO_WARNINGS. See online help for details.
                 c:\program files (x86)\microsoft visual studio 10.0\vc\include\string.h(276) : 参见“wcscat”的声明
     1>c:\users\adm\documents\visual studio 2010\projects\icmemerypool\icmemerypool\icmemerypool.cpp(32): warning C4244: “初始化”: 从“std::streamoff”转换到“int”，可能丢失数据
     1>c:\users\adm\documents\visual studio 2010\projects\icmemerypool\icmemerypool\icmemerypool.cpp(51): warning C4996: 'getch': The POSIX name for this item is deprecated. Instead, use the ISO C++ conformant name: _getch. See online help for details.
                 c:\program files (x86)\microsoft visual studio 10.0\vc\include\conio.h(128) : 参见“getch”的声明
       ManifestResourceCompile:
         所有输出均为最新。
       Link:
         C:\Program Files (x86)\Microsoft Visual Studio 10.0\VC\bin\link.exe /ERRORREPORT:PROMPT /OUT:"C:\Users\adm\documents\visual studio 2010\Projects\ICMemeryPool\Debug\ICMemeryPool.exe" /INCREMENTAL /NOLOGO /MANIFEST /ManifestFile:"Debug\ICMemeryPool.exe.intermediate.manifest" /MANIFESTUAC:"level='asInvoker' uiAccess='false'" /DEBUG /PDB:"C:\Users\adm\documents\visual studio 2010\Projects\ICMemeryPool\Debug\ICMemeryPool.pdb" /SUBSYSTEM:CONSOLE /TLBID:1 /DYNAMICBASE /NXCOMPAT /IMPLIB:"C:\Users\adm\documents\visual studio 2010\Projects\ICMemeryPool\Debug\ICMemeryPool.lib" /MACHINE:X86 Debug\ICMemeryPool.exe.embed.manifest.res
         Debug\CMemryPool.obj
         Debug\ICMemeryPool.obj
         Debug\stdafx.obj
       Manifest:
         C:\Program Files (x86)\Microsoft SDKs\Windows\v7.0A\bin\mt.exe /nologo /verbose /out:"Debug\ICMemeryPool.exe.embed.manifest" /manifest Debug\ICMemeryPool.exe.intermediate.manifest "C:\Program Files (x86)\Microsoft Visual Studio 10.0\VC\Include\Manifest\dpiaware.manifest"
         所有输出均为最新。
       LinkEmbedManifest:
         所有输出均为最新。
         ICMemeryPool.vcxproj -> C:\Users\adm\documents\visual studio 2010\Projects\ICMemeryPool\Debug\ICMemeryPool.exe
       FinalizeBuildStatus:
         正在删除文件“Debug\ICMemeryPool.unsuccessfulbuild”。
         正在对“Debug\ICMemeryPool.lastbuildstate”执行 Touch 任务。
     1>已完成生成项目“C:\Users\adm\documents\visual studio 2010\Projects\ICMemeryPool\ICMemeryPool\ICMemeryPool.vcxproj”(build 个目标)的操作。

生成成功。

已用时间 00:00:06.60
