C:\USERS\ADM\DOCUMENTS\VISUAL STUDIO 2010\PROJECTS\ICMEMERYPOOL\DEBUG\ICMEMERYPOOL.EXE
C:\USERS\ADM\DOCUMENTS\VISUAL STUDIO 2010\PROJECTS\ICMEMERYPOOL\DEBUG\ICMEMERYPOOL.ILK
C:\USERS\ADM\DOCUMENTS\VISUAL STUDIO 2010\PROJECTS\ICMEMERYPOOL\DEBUG\ICMEMERYPOOL.PDB
C:\Users\adm\documents\visual studio 2010\Projects\ICMemeryPool\ICMemeryPool\Debug\cl.command.1.tlog
C:\Users\adm\documents\visual studio 2010\Projects\ICMemeryPool\ICMemeryPool\Debug\CL.read.1.tlog
C:\Users\adm\documents\visual studio 2010\Projects\ICMemeryPool\ICMemeryPool\Debug\CL.write.1.tlog
C:\USERS\ADM\DOCUMENTS\VISUAL STUDIO 2010\PROJECTS\ICMEMERYPOOL\ICMEMERYPOOL\DEBUG\CMEMRYPOOL.OBJ
C:\USERS\ADM\DOCUMENTS\VISUAL STUDIO 2010\PROJECTS\ICMEMERYPOOL\ICMEMERYPOOL\DEBUG\ICMEMERYPOOL.EXE.EMBED.MANIFEST
C:\USERS\ADM\DOCUMENTS\VISUAL STUDIO 2010\PROJECTS\ICMEMERYPOOL\ICMEMERYPOOL\DEBUG\ICMEMERYPOOL.EXE.EMBED.MANIFEST.RES
C:\USERS\ADM\DOCUMENTS\VISUAL STUDIO 2010\PROJECTS\ICMEMERYPOOL\ICMEMERYPOOL\DEBUG\ICMEMERYPOOL.EXE.INTERMEDIATE.MANIFEST
C:\USERS\ADM\DOCUMENTS\VISUAL STUDIO 2010\PROJECTS\ICMEMERYPOOL\ICMEMERYPOOL\DEBUG\ICMEMERYPOOL.OBJ
C:\USERS\ADM\DOCUMENTS\VISUAL STUDIO 2010\PROJECTS\ICMEMERYPOOL\ICMEMERYPOOL\DEBUG\ICMEMERYPOOL.PCH
C:\Users\adm\documents\visual studio 2010\Projects\ICMemeryPool\ICMemeryPool\Debug\ICMemeryPool.vcxprojResolveAssemblyReference.cache
C:\Users\adm\documents\visual studio 2010\Projects\ICMemeryPool\ICMemeryPool\Debug\ICMemeryPool.write.1.tlog
C:\Users\adm\documents\visual studio 2010\Projects\ICMemeryPool\ICMemeryPool\Debug\ICMemeryPool_manifest.rc
C:\Users\adm\documents\visual studio 2010\Projects\ICMemeryPool\ICMemeryPool\Debug\link.10332.read.1.tlog
C:\Users\adm\documents\visual studio 2010\Projects\ICMemeryPool\ICMemeryPool\Debug\link.10332.write.1.tlog
C:\Users\adm\documents\visual studio 2010\Projects\ICMemeryPool\ICMemeryPool\Debug\link.10332-cvtres.read.1.tlog
C:\Users\adm\documents\visual studio 2010\Projects\ICMemeryPool\ICMemeryPool\Debug\link.10332-cvtres.write.1.tlog
C:\Users\adm\documents\visual studio 2010\Projects\ICMemeryPool\ICMemeryPool\Debug\link.11764.read.1.tlog
C:\Users\adm\documents\visual studio 2010\Projects\ICMemeryPool\ICMemeryPool\Debug\link.11764.write.1.tlog
C:\Users\adm\documents\visual studio 2010\Projects\ICMemeryPool\ICMemeryPool\Debug\link.11764-cvtres.read.1.tlog
C:\Users\adm\documents\visual studio 2010\Projects\ICMemeryPool\ICMemeryPool\Debug\link.11764-cvtres.write.1.tlog
C:\Users\adm\documents\visual studio 2010\Projects\ICMemeryPool\ICMemeryPool\Debug\link.16012.read.1.tlog
C:\Users\adm\documents\visual studio 2010\Projects\ICMemeryPool\ICMemeryPool\Debug\link.16012.write.1.tlog
C:\Users\adm\documents\visual studio 2010\Projects\ICMemeryPool\ICMemeryPool\Debug\link.16012-cvtres.read.1.tlog
C:\Users\adm\documents\visual studio 2010\Projects\ICMemeryPool\ICMemeryPool\Debug\link.16012-cvtres.write.1.tlog
C:\Users\adm\documents\visual studio 2010\Projects\ICMemeryPool\ICMemeryPool\Debug\link.2068.read.1.tlog
C:\Users\adm\documents\visual studio 2010\Projects\ICMemeryPool\ICMemeryPool\Debug\link.2068.write.1.tlog
C:\Users\adm\documents\visual studio 2010\Projects\ICMemeryPool\ICMemeryPool\Debug\link.2068-cvtres.read.1.tlog
C:\Users\adm\documents\visual studio 2010\Projects\ICMemeryPool\ICMemeryPool\Debug\link.2068-cvtres.write.1.tlog
C:\Users\adm\documents\visual studio 2010\Projects\ICMemeryPool\ICMemeryPool\Debug\link.2376.read.1.tlog
C:\Users\adm\documents\visual studio 2010\Projects\ICMemeryPool\ICMemeryPool\Debug\link.2376.write.1.tlog
C:\Users\adm\documents\visual studio 2010\Projects\ICMemeryPool\ICMemeryPool\Debug\link.2376-cvtres.read.1.tlog
C:\Users\adm\documents\visual studio 2010\Projects\ICMemeryPool\ICMemeryPool\Debug\link.2376-cvtres.write.1.tlog
C:\Users\adm\documents\visual studio 2010\Projects\ICMemeryPool\ICMemeryPool\Debug\link.2564.read.1.tlog
C:\Users\adm\documents\visual studio 2010\Projects\ICMemeryPool\ICMemeryPool\Debug\link.2564.write.1.tlog
C:\Users\adm\documents\visual studio 2010\Projects\ICMemeryPool\ICMemeryPool\Debug\link.2564-cvtres.read.1.tlog
C:\Users\adm\documents\visual studio 2010\Projects\ICMemeryPool\ICMemeryPool\Debug\link.2564-cvtres.write.1.tlog
C:\Users\adm\documents\visual studio 2010\Projects\ICMemeryPool\ICMemeryPool\Debug\link.4896.read.1.tlog
C:\Users\adm\documents\visual studio 2010\Projects\ICMemeryPool\ICMemeryPool\Debug\link.4896.write.1.tlog
C:\Users\adm\documents\visual studio 2010\Projects\ICMemeryPool\ICMemeryPool\Debug\link.4896-cvtres.read.1.tlog
C:\Users\adm\documents\visual studio 2010\Projects\ICMemeryPool\ICMemeryPool\Debug\link.4896-cvtres.write.1.tlog
C:\Users\adm\documents\visual studio 2010\Projects\ICMemeryPool\ICMemeryPool\Debug\link.8860.read.1.tlog
C:\Users\adm\documents\visual studio 2010\Projects\ICMemeryPool\ICMemeryPool\Debug\link.8860.write.1.tlog
C:\Users\adm\documents\visual studio 2010\Projects\ICMemeryPool\ICMemeryPool\Debug\link.8860-cvtres.read.1.tlog
C:\Users\adm\documents\visual studio 2010\Projects\ICMemeryPool\ICMemeryPool\Debug\link.8860-cvtres.write.1.tlog
C:\Users\adm\documents\visual studio 2010\Projects\ICMemeryPool\ICMemeryPool\Debug\link.9040.read.1.tlog
C:\Users\adm\documents\visual studio 2010\Projects\ICMemeryPool\ICMemeryPool\Debug\link.9040.write.1.tlog
C:\Users\adm\documents\visual studio 2010\Projects\ICMemeryPool\ICMemeryPool\Debug\link.9040-cvtres.read.1.tlog
C:\Users\adm\documents\visual studio 2010\Projects\ICMemeryPool\ICMemeryPool\Debug\link.9040-cvtres.write.1.tlog
C:\Users\adm\documents\visual studio 2010\Projects\ICMemeryPool\ICMemeryPool\Debug\link.command.1.tlog
C:\Users\adm\documents\visual studio 2010\Projects\ICMemeryPool\ICMemeryPool\Debug\link.read.1.tlog
C:\Users\adm\documents\visual studio 2010\Projects\ICMemeryPool\ICMemeryPool\Debug\link.write.1.tlog
C:\Users\adm\documents\visual studio 2010\Projects\ICMemeryPool\ICMemeryPool\Debug\link-cvtres.read.1.tlog
C:\Users\adm\documents\visual studio 2010\Projects\ICMemeryPool\ICMemeryPool\Debug\link-cvtres.write.1.tlog
C:\Users\adm\documents\visual studio 2010\Projects\ICMemeryPool\ICMemeryPool\Debug\mt.command.1.tlog
C:\Users\adm\documents\visual studio 2010\Projects\ICMemeryPool\ICMemeryPool\Debug\mt.read.1.tlog
C:\Users\adm\documents\visual studio 2010\Projects\ICMemeryPool\ICMemeryPool\Debug\mt.write.1.tlog
C:\Users\adm\documents\visual studio 2010\Projects\ICMemeryPool\ICMemeryPool\Debug\rc.command.1.tlog
C:\Users\adm\documents\visual studio 2010\Projects\ICMemeryPool\ICMemeryPool\Debug\rc.read.1.tlog
C:\Users\adm\documents\visual studio 2010\Projects\ICMemeryPool\ICMemeryPool\Debug\rc.write.1.tlog
C:\USERS\ADM\DOCUMENTS\VISUAL STUDIO 2010\PROJECTS\ICMEMERYPOOL\ICMEMERYPOOL\DEBUG\STDAFX.OBJ
C:\Users\adm\documents\visual studio 2010\Projects\ICMemeryPool\ICMemeryPool\Debug\vc100.idb
C:\USERS\ADM\DOCUMENTS\VISUAL STUDIO 2010\PROJECTS\ICMEMERYPOOL\ICMEMERYPOOL\DEBUG\VC100.PDB
